<?xml version="1.0" encoding="UTF-8"?>
<!-- Generated by org.testng.reporters.JUnitReportReporter -->
<testsuite hostname="DESKTOP-U5NS946" failures="0" tests="1" name="com.practice.SeleniumTest.Sample1" time="0.009" errors="0" timestamp="23 Aug 2021 19:46:24 GMT" skipped="0">
  <testcase classname="com.practice.SeleniumTest.Sample1" name="testCase1" time="0.009"/>
</testsuite> <!-- com.practice.SeleniumTest.Sample1 -->
